Linux 5.19.0-00005-gf3b6803c215b (raspberrypi)  06.09.2022      _armv7l_       (4 CPU)

06.09.2022 21:59:27
avg-cpu:  %user   %nice %system %iowait  %steal   %idle
           0.00    0.00    0.00    0.00    0.00    0.10

Device            r/s     w/s     rMB/s     wMB/s   rrqm/s   wrqm/s  %rrqm  %wrqm r_await w_await aqu-sz rareq-sz wareq-sz  svctm  %util
mmcblk1          0.00    0.00      0.00      0.00     0.00     0.00   0.00   0.00    0.00    0.00   0.00     0.00     0.00   0.00   0.00

06.09.2022 21:59:28
avg-cpu:  %user   %nice %system %iowait  %steal   %idle
           9.05    0.00    2.26    0.00    0.00   88.69

Device            r/s     w/s     rMB/s     wMB/s   rrqm/s   wrqm/s  %rrqm  %wrqm r_await w_await aqu-sz rareq-sz wareq-sz  svctm  %util
mmcblk1          0.00    0.00      0.00      0.00     0.00     0.00   0.00   0.00    0.00    0.00   0.00     0.00     0.00   0.00   0.00

06.09.2022 21:59:29
avg-cpu:  %user   %nice %system %iowait  %steal   %idle
          24.62    0.00   11.68    0.00    0.00   63.71

Device            r/s     w/s     rMB/s     wMB/s   rrqm/s   wrqm/s  %rrqm  %wrqm r_await w_await aqu-sz rareq-sz wareq-sz  svctm  %util
mmcblk1          0.00    2.00      0.00      0.94     0.00   212.00   0.00  99.07    0.00  455.00   0.91     0.00   480.00 275.00  55.00

06.09.2022 21:59:30
avg-cpu:  %user   %nice %system %iowait  %steal   %idle
           2.25    0.00    2.00   54.00    0.00   41.75

Device            r/s     w/s     rMB/s     wMB/s   rrqm/s   wrqm/s  %rrqm  %wrqm r_await w_await aqu-sz rareq-sz wareq-sz  svctm  %util
mmcblk1          0.00    9.00      0.00      2.98     0.00  1992.00   0.00  99.55    0.00 1196.78  10.77     0.00   339.56 101.11  91.00

06.09.2022 21:59:31
avg-cpu:  %user   %nice %system %iowait  %steal   %idle
           0.00    0.00    0.00   75.19    0.00   24.81

Device            r/s     w/s     rMB/s     wMB/s   rrqm/s   wrqm/s  %rrqm  %wrqm r_await w_await aqu-sz rareq-sz wareq-sz  svctm  %util
mmcblk1          0.00    5.00      0.00      2.00     0.00     0.00   0.00   0.00    0.00 2277.20  11.39     0.00   410.40 200.00 100.00

06.09.2022 21:59:32
avg-cpu:  %user   %nice %system %iowait  %steal   %idle
           0.00    0.00    0.50   75.13    0.00   24.37

Device            r/s     w/s     rMB/s     wMB/s   rrqm/s   wrqm/s  %rrqm  %wrqm r_await w_await aqu-sz rareq-sz wareq-sz  svctm  %util
mmcblk1          0.00   29.00      0.00     14.00     0.00     0.00   0.00   0.00    0.00 3135.97  90.94     0.00   494.21  34.48 100.00

06.09.2022 21:59:33
avg-cpu:  %user   %nice %system %iowait  %steal   %idle
           0.00    0.00    0.25   74.81    0.00   24.94

Device            r/s     w/s     rMB/s     wMB/s   rrqm/s   wrqm/s  %rrqm  %wrqm r_await w_await aqu-sz rareq-sz wareq-sz  svctm  %util
mmcblk1          0.00    4.00      0.00      1.89     0.00     0.00   0.00   0.00    0.00 4115.25  16.46     0.00   484.00 250.00 100.00

06.09.2022 21:59:34
avg-cpu:  %user   %nice %system %iowait  %steal   %idle
           0.00    0.00    1.00   73.00    0.00   26.00

Device            r/s     w/s     rMB/s     wMB/s   rrqm/s   wrqm/s  %rrqm  %wrqm r_await w_await aqu-sz rareq-sz wareq-sz  svctm  %util
mmcblk1          0.00    9.00      0.00      3.53     0.00   221.00   0.00  96.09    0.00 4827.67  43.45     0.00   401.33 111.11 100.00

06.09.2022 21:59:35
avg-cpu:  %user   %nice %system %iowait  %steal   %idle
           4.80    0.00    2.53   42.17    0.00   50.51

Device            r/s     w/s     rMB/s     wMB/s   rrqm/s   wrqm/s  %rrqm  %wrqm r_await w_await aqu-sz rareq-sz wareq-sz  svctm  %util
mmcblk1          0.00   10.00      0.00      4.84     0.00     0.00   0.00   0.00    0.00 5093.70  50.94     0.00   496.00 100.00 100.00

06.09.2022 21:59:36
avg-cpu:  %user   %nice %system %iowait  %steal   %idle
          12.83    0.00    4.71   30.37    0.00   52.09

Device            r/s     w/s     rMB/s     wMB/s   rrqm/s   wrqm/s  %rrqm  %wrqm r_await w_await aqu-sz rareq-sz wareq-sz  svctm  %util
mmcblk1          0.00   15.00      0.00      5.22     0.00   905.00   0.00  98.37    0.00  879.87  13.20     0.00   356.27  66.67 100.00

06.09.2022 21:59:37
avg-cpu:  %user   %nice %system %iowait  %steal   %idle
           0.00    0.00    0.50   28.07    0.00   71.43

Device            r/s     w/s     rMB/s     wMB/s   rrqm/s   wrqm/s  %rrqm  %wrqm r_await w_await aqu-sz rareq-sz wareq-sz  svctm  %util
mmcblk1          0.00   10.00      0.00      3.50     0.00   401.00   0.00  97.57    0.00  337.40   3.37     0.00   358.00 100.00 100.00

06.09.2022 21:59:38
avg-cpu:  %user   %nice %system %iowait  %steal   %idle
           0.00    0.00    0.00   24.87    0.00   75.13

Device            r/s     w/s     rMB/s     wMB/s   rrqm/s   wrqm/s  %rrqm  %wrqm r_await w_await aqu-sz rareq-sz wareq-sz  svctm  %util
mmcblk1          0.00    4.00      0.00      0.25     0.00    29.00   0.00  87.88    0.00 1298.25   5.19     0.00    63.00 250.00 100.00

06.09.2022 21:59:39
avg-cpu:  %user   %nice %system %iowait  %steal   %idle
           0.00    0.00    0.76   24.49    0.00   74.75

Device            r/s     w/s     rMB/s     wMB/s   rrqm/s   wrqm/s  %rrqm  %wrqm r_await w_await aqu-sz rareq-sz wareq-sz  svctm  %util
mmcblk1          0.00   13.00      0.00      4.34     0.00   406.00   0.00  96.90    0.00 1466.77  19.07     0.00   342.15  76.92 100.00

06.09.2022 21:59:40
avg-cpu:  %user   %nice %system %iowait  %steal   %idle
           0.00    0.00    0.00   22.54    0.00   77.46

Device            r/s     w/s     rMB/s     wMB/s   rrqm/s   wrqm/s  %rrqm  %wrqm r_await w_await aqu-sz rareq-sz wareq-sz  svctm  %util
mmcblk1          0.00    2.00      0.00      0.51     0.00     1.00   0.00  33.33    0.00  743.50   1.49     0.00   260.00 500.00 100.00

06.09.2022 21:59:41
avg-cpu:  %user   %nice %system %iowait  %steal   %idle
           0.00    0.00    0.00   28.61    0.00   71.39

Device            r/s     w/s     rMB/s     wMB/s   rrqm/s   wrqm/s  %rrqm  %wrqm r_await w_await aqu-sz rareq-sz wareq-sz  svctm  %util
mmcblk1          0.00   12.00      0.00      2.28     0.00   382.00   0.00  96.95    0.00 2085.58  25.03     0.00   194.67  83.33 100.00

06.09.2022 21:59:42
avg-cpu:  %user   %nice %system %iowait  %steal   %idle
           0.00    0.00    0.00   74.94    0.00   25.06

Device            r/s     w/s     rMB/s     wMB/s   rrqm/s   wrqm/s  %rrqm  %wrqm r_await w_await aqu-sz rareq-sz wareq-sz  svctm  %util
mmcblk1          0.00    2.00      0.00      0.75     0.00     0.00   0.00   0.00    0.00 2520.50   5.04     0.00   382.00 500.00 100.00

06.09.2022 21:59:43
avg-cpu:  %user   %nice %system %iowait  %steal   %idle
           0.00    0.00    0.25   75.00    0.00   24.75

Device            r/s     w/s     rMB/s     wMB/s   rrqm/s   wrqm/s  %rrqm  %wrqm r_await w_await aqu-sz rareq-sz wareq-sz  svctm  %util
mmcblk1          0.00    3.00      0.00      0.92     0.00     0.00   0.00   0.00    0.00 3641.00  10.92     0.00   313.33 333.33 100.00

06.09.2022 21:59:44
avg-cpu:  %user   %nice %system %iowait  %steal   %idle
           0.00    0.00    0.00   74.94    0.00   25.06

Device            r/s     w/s     rMB/s     wMB/s   rrqm/s   wrqm/s  %rrqm  %wrqm r_await w_await aqu-sz rareq-sz wareq-sz  svctm  %util
mmcblk1          0.00    1.00      0.00      0.27     0.00     0.00   0.00   0.00    0.00 4686.00   4.69     0.00   276.00 1000.00 100.00

06.09.2022 21:59:45
avg-cpu:  %user   %nice %system %iowait  %steal   %idle
           0.50    0.00    0.75   73.75    0.00   25.00

Device            r/s     w/s     rMB/s     wMB/s   rrqm/s   wrqm/s  %rrqm  %wrqm r_await w_await aqu-sz rareq-sz wareq-sz  svctm  %util
mmcblk1          0.00    4.00      0.00      1.73     0.00   209.00   0.00  98.12    0.00 4375.50  17.50     0.00   443.00 250.00 100.00

06.09.2022 21:59:46
avg-cpu:  %user   %nice %system %iowait  %steal   %idle
           0.00    0.00    0.00   42.35    0.00   57.65

Device            r/s     w/s     rMB/s     wMB/s   rrqm/s   wrqm/s  %rrqm  %wrqm r_await w_await aqu-sz rareq-sz wareq-sz  svctm  %util
mmcblk1          0.00    4.00      0.00      0.93     0.00   391.00   0.00  98.99    0.00  678.00   2.71     0.00   238.00 190.00  76.00

06.09.2022 21:59:47
avg-cpu:  %user   %nice %system %iowait  %steal   %idle
           0.00    0.00    0.00   83.92    0.00   16.08

Device            r/s     w/s     rMB/s     wMB/s   rrqm/s   wrqm/s  %rrqm  %wrqm r_await w_await aqu-sz rareq-sz wareq-sz  svctm  %util
mmcblk1          0.00    3.00      0.00      0.63     0.00     0.00   0.00   0.00    0.00 1768.00   5.30     0.00   214.67 333.33 100.00

06.09.2022 21:59:48
avg-cpu:  %user   %nice %system %iowait  %steal   %idle
           0.00    0.00    0.00  100.00    0.00    0.00

Device            r/s     w/s     rMB/s     wMB/s   rrqm/s   wrqm/s  %rrqm  %wrqm r_await w_await aqu-sz rareq-sz wareq-sz  svctm  %util
mmcblk1          0.00    4.00      0.00      1.05     0.00     0.00   0.00   0.00    0.00 2633.25  10.53     0.00   269.00 250.00 100.00

06.09.2022 21:59:49
avg-cpu:  %user   %nice %system %iowait  %steal   %idle
           0.00    0.00    0.00  100.00    0.00    0.00

Device            r/s     w/s     rMB/s     wMB/s   rrqm/s   wrqm/s  %rrqm  %wrqm r_await w_await aqu-sz rareq-sz wareq-sz  svctm  %util
mmcblk1          0.00    4.00      0.00      1.20     0.00     0.00   0.00   0.00    0.00 3666.00  14.66     0.00   306.00 250.00 100.00

06.09.2022 21:59:50
avg-cpu:  %user   %nice %system %iowait  %steal   %idle
           0.00    0.00    0.25   99.75    0.00    0.00

Device            r/s     w/s     rMB/s     wMB/s   rrqm/s   wrqm/s  %rrqm  %wrqm r_await w_await aqu-sz rareq-sz wareq-sz  svctm  %util
mmcblk1          0.00   18.00      0.00      8.09     0.00     0.00   0.00   0.00    0.00 4602.33  82.84     0.00   460.44  55.56 100.00

06.09.2022 21:59:51
avg-cpu:  %user   %nice %system %iowait  %steal   %idle
           0.00    0.00    0.00  100.00    0.00    0.00

Device            r/s     w/s     rMB/s     wMB/s   rrqm/s   wrqm/s  %rrqm  %wrqm r_await w_await aqu-sz rareq-sz wareq-sz  svctm  %util
mmcblk1          0.00    9.00      0.00      4.18     0.00     0.00   0.00   0.00    0.00 5101.56  45.91     0.00   475.56 111.11 100.00

06.09.2022 21:59:52
avg-cpu:  %user   %nice %system %iowait  %steal   %idle
           1.79    0.00    1.02   60.71    0.00   36.48

Device            r/s     w/s     rMB/s     wMB/s   rrqm/s   wrqm/s  %rrqm  %wrqm r_await w_await aqu-sz rareq-sz wareq-sz  svctm  %util
mmcblk1          0.00    7.00      0.00      2.05     0.00   376.00   0.00  98.17    0.00 3245.43  22.72     0.00   299.43 142.86 100.00

06.09.2022 21:59:53
avg-cpu:  %user   %nice %system %iowait  %steal   %idle
           0.00    0.00    0.00   75.00    0.00   25.00

Device            r/s     w/s     rMB/s     wMB/s   rrqm/s   wrqm/s  %rrqm  %wrqm r_await w_await aqu-sz rareq-sz wareq-sz  svctm  %util
mmcblk1          0.00    3.00      0.00      1.43     0.00     0.00   0.00   0.00    0.00 1248.33   3.74     0.00   486.67 333.33 100.00

06.09.2022 21:59:54
avg-cpu:  %user   %nice %system %iowait  %steal   %idle
           1.80    0.00    2.06   22.94    0.00   73.20

Device            r/s     w/s     rMB/s     wMB/s   rrqm/s   wrqm/s  %rrqm  %wrqm r_await w_await aqu-sz rareq-sz wareq-sz  svctm  %util
mmcblk1          0.00   14.00      0.00      3.78     0.00   563.00   0.00  97.57    0.00  645.43   9.04     0.00   276.57  71.43 100.00

06.09.2022 21:59:55
avg-cpu:  %user   %nice %system %iowait  %steal   %idle
           0.00    0.00    0.00   22.54    0.00   77.46

Device            r/s     w/s     rMB/s     wMB/s   rrqm/s   wrqm/s  %rrqm  %wrqm r_await w_await aqu-sz rareq-sz wareq-sz  svctm  %util
mmcblk1          0.00    2.00      0.00      0.57     0.00    50.00   0.00  96.15    0.00 1543.00   3.09     0.00   290.00 500.00 100.00

06.09.2022 21:59:56
avg-cpu:  %user   %nice %system %iowait  %steal   %idle
           0.00    0.00    1.03   22.48    0.00   76.49

Device            r/s     w/s     rMB/s     wMB/s   rrqm/s   wrqm/s  %rrqm  %wrqm r_await w_await aqu-sz rareq-sz wareq-sz  svctm  %util
mmcblk1          0.00   13.00      0.00      4.12     0.00   340.00   0.00  96.32    0.00 1815.85  23.61     0.00   324.62  76.92 100.00

06.09.2022 21:59:57
avg-cpu:  %user   %nice %system %iowait  %steal   %idle
           0.00    0.00    0.25   30.03    0.00   69.72

Device            r/s     w/s     rMB/s     wMB/s   rrqm/s   wrqm/s  %rrqm  %wrqm r_await w_await aqu-sz rareq-sz wareq-sz  svctm  %util
mmcblk1          0.00    2.00      0.00      0.74     0.00   327.00   0.00  99.39    0.00 1497.50   3.00     0.00   378.00 465.00  93.00

06.09.2022 21:59:58
avg-cpu:  %user   %nice %system %iowait  %steal   %idle
           0.00    0.00    0.25   89.50    0.00   10.25

Device            r/s     w/s     rMB/s     wMB/s   rrqm/s   wrqm/s  %rrqm  %wrqm r_await w_await aqu-sz rareq-sz wareq-sz  svctm  %util
mmcblk1          0.00    7.00      0.00      2.50     0.00     0.00   0.00   0.00    0.00 2005.00  14.03     0.00   365.71 142.86 100.00

06.09.2022 21:59:59
avg-cpu:  %user   %nice %system %iowait  %steal   %idle
           0.00    0.00    0.00  100.00    0.00    0.00

Device            r/s     w/s     rMB/s     wMB/s   rrqm/s   wrqm/s  %rrqm  %wrqm r_await w_await aqu-sz rareq-sz wareq-sz  svctm  %util
mmcblk1          0.00   10.00      0.00      2.14     0.00     0.00   0.00   0.00    0.00 2767.80  27.68     0.00   219.20 100.00 100.00

06.09.2022 22:00:00
avg-cpu:  %user   %nice %system %iowait  %steal   %idle
           0.50    0.00    1.51   60.20    0.00   37.78

Device            r/s     w/s     rMB/s     wMB/s   rrqm/s   wrqm/s  %rrqm  %wrqm r_await w_await aqu-sz rareq-sz wareq-sz  svctm  %util
mmcblk1          0.00    9.00      0.00      2.36     0.00   373.00   0.00  97.64    0.00  923.00   8.31     0.00   268.44 111.11 100.00

06.09.2022 22:00:01
avg-cpu:  %user   %nice %system %iowait  %steal   %idle
           0.26    0.00    0.77   18.41    0.00   80.56

Device            r/s     w/s     rMB/s     wMB/s   rrqm/s   wrqm/s  %rrqm  %wrqm r_await w_await aqu-sz rareq-sz wareq-sz  svctm  %util
mmcblk1          0.00    2.00      0.00      0.43     0.00    37.00   0.00  94.87    0.00  968.50   1.94     0.00   222.00 500.00 100.00

06.09.2022 22:00:02
avg-cpu:  %user   %nice %system %iowait  %steal   %idle
           0.00    0.00    0.50    4.24    0.00   95.26

Device            r/s     w/s     rMB/s     wMB/s   rrqm/s   wrqm/s  %rrqm  %wrqm r_await w_await aqu-sz rareq-sz wareq-sz  svctm  %util
mmcblk1          0.00    3.00      0.00      0.99     0.00    81.00   0.00  96.43    0.00 2183.00   6.55     0.00   338.67 333.33 100.00

06.09.2022 22:00:03
avg-cpu:  %user   %nice %system %iowait  %steal   %idle
           0.00    0.00    0.00   31.33    0.00   68.67

Device            r/s     w/s     rMB/s     wMB/s   rrqm/s   wrqm/s  %rrqm  %wrqm r_await w_await aqu-sz rareq-sz wareq-sz  svctm  %util
mmcblk1          0.00    4.00      0.00      1.14     0.00     0.00   0.00   0.00    0.00 3193.50  12.78     0.00   291.00 250.00 100.00

06.09.2022 22:00:04
avg-cpu:  %user   %nice %system %iowait  %steal   %idle
           0.00    0.00    0.00   50.00    0.00   50.00

Device            r/s     w/s     rMB/s     wMB/s   rrqm/s   wrqm/s  %rrqm  %wrqm r_await w_await aqu-sz rareq-sz wareq-sz  svctm  %util
mmcblk1          0.00    5.00      0.00      1.29     0.00     0.00   0.00   0.00    0.00 3937.20  19.69     0.00   264.80 200.00 100.00

06.09.2022 22:00:05
avg-cpu:  %user   %nice %system %iowait  %steal   %idle
           0.00    0.00    0.25   49.87    0.00   49.87

Device            r/s     w/s     rMB/s     wMB/s   rrqm/s   wrqm/s  %rrqm  %wrqm r_await w_await aqu-sz rareq-sz wareq-sz  svctm  %util
mmcblk1          0.00   11.00      0.00      1.46     0.00     0.00   0.00   0.00    0.00 4956.73  54.52     0.00   136.00  90.91 100.00

06.09.2022 22:00:06
avg-cpu:  %user   %nice %system %iowait  %steal   %idle
           0.00    0.00    0.75   36.91    0.00   62.34

Device            r/s     w/s     rMB/s     wMB/s   rrqm/s   wrqm/s  %rrqm  %wrqm r_await w_await aqu-sz rareq-sz wareq-sz  svctm  %util
mmcblk1          0.00    1.00      0.00      0.30     0.00   220.00   0.00  99.55    0.00 3660.00   3.66     0.00   312.00 1000.00 100.00

06.09.2022 22:00:07
avg-cpu:  %user   %nice %system %iowait  %steal   %idle
           0.25    0.00    1.24    9.45    0.00   89.05

Device            r/s     w/s     rMB/s     wMB/s   rrqm/s   wrqm/s  %rrqm  %wrqm r_await w_await aqu-sz rareq-sz wareq-sz  svctm  %util
mmcblk1          0.00   10.00      0.00      2.12     0.00   291.00   0.00  96.68    0.00  676.20   6.76     0.00   217.20 100.00 100.00

06.09.2022 22:00:08
avg-cpu:  %user   %nice %system %iowait  %steal   %idle
           0.00    0.00    1.00   28.68    0.00   70.32

Device            r/s     w/s     rMB/s     wMB/s   rrqm/s   wrqm/s  %rrqm  %wrqm r_await w_await aqu-sz rareq-sz wareq-sz  svctm  %util
mmcblk1          0.00    8.00      0.00      2.34     0.00   264.00   0.00  97.06    0.00  662.12   5.30     0.00   299.50 125.00 100.00

06.09.2022 22:00:09
avg-cpu:  %user   %nice %system %iowait  %steal   %idle
           0.00    0.00    0.25    0.00    0.00   99.75

Device            r/s     w/s     rMB/s     wMB/s   rrqm/s   wrqm/s  %rrqm  %wrqm r_await w_await aqu-sz rareq-sz wareq-sz  svctm  %util
mmcblk1          0.00   15.00      0.00      3.80     0.00   312.00   0.00  95.41    0.00  988.60  14.83     0.00   259.73  66.67 100.00

06.09.2022 22:00:10
avg-cpu:  %user   %nice %system %iowait  %steal   %idle
           0.00    0.00    0.00    0.00    0.00  100.00

Device            r/s     w/s     rMB/s     wMB/s   rrqm/s   wrqm/s  %rrqm  %wrqm r_await w_await aqu-sz rareq-sz wareq-sz  svctm  %util
mmcblk1          0.00    1.00      0.00      0.44     0.00     2.00   0.00  66.67    0.00 1184.00   1.19     0.00   452.00 1000.00 100.00

06.09.2022 22:00:11
avg-cpu:  %user   %nice %system %iowait  %steal   %idle
           0.00    0.00    0.25    0.00    0.00   99.75

Device            r/s     w/s     rMB/s     wMB/s   rrqm/s   wrqm/s  %rrqm  %wrqm r_await w_await aqu-sz rareq-sz wareq-sz  svctm  %util
mmcblk1          0.00    5.00      0.00      2.45     0.00   205.00   0.00  97.62    0.00 2120.60  10.60     0.00   501.60 200.00 100.00

06.09.2022 22:00:12
avg-cpu:  %user   %nice %system %iowait  %steal   %idle
           0.00    0.00    0.75    0.00    0.00   99.25

Device            r/s     w/s     rMB/s     wMB/s   rrqm/s   wrqm/s  %rrqm  %wrqm r_await w_await aqu-sz rareq-sz wareq-sz  svctm  %util
mmcblk1          0.00    8.00      0.00      1.88     0.00   146.00   0.00  94.81    0.00 2016.50  16.13     0.00   241.00 125.00 100.00

06.09.2022 22:00:13
avg-cpu:  %user   %nice %system %iowait  %steal   %idle
           0.00    0.00    0.00   15.54    0.00   84.46

Device            r/s     w/s     rMB/s     wMB/s   rrqm/s   wrqm/s  %rrqm  %wrqm r_await w_await aqu-sz rareq-sz wareq-sz  svctm  %util
mmcblk1          0.00    6.00      0.00      2.41     0.00   102.00   0.00  94.44    0.00 1696.83  10.18     0.00   412.00 166.67 100.00

06.09.2022 22:00:14
avg-cpu:  %user   %nice %system %iowait  %steal   %idle
           0.00    0.00    0.00   25.06    0.00   74.94

Device            r/s     w/s     rMB/s     wMB/s   rrqm/s   wrqm/s  %rrqm  %wrqm r_await w_await aqu-sz rareq-sz wareq-sz  svctm  %util
mmcblk1          0.00    1.00      0.00      0.41     0.00     0.00   0.00   0.00    0.00 2787.00   2.79     0.00   424.00 1000.00 100.00

06.09.2022 22:00:15
avg-cpu:  %user   %nice %system %iowait  %steal   %idle
           0.00    0.00    0.00   25.00    0.00   75.00

Device            r/s     w/s     rMB/s     wMB/s   rrqm/s   wrqm/s  %rrqm  %wrqm r_await w_await aqu-sz rareq-sz wareq-sz  svctm  %util
mmcblk1          0.00    2.00      0.00      0.90     0.00     0.00   0.00   0.00    0.00 2821.00   5.64     0.00   460.00 500.00 100.00

06.09.2022 22:00:16
avg-cpu:  %user   %nice %system %iowait  %steal   %idle
           0.00    0.00    0.00   24.81    0.00   75.19

Device            r/s     w/s     rMB/s     wMB/s   rrqm/s   wrqm/s  %rrqm  %wrqm r_await w_await aqu-sz rareq-sz wareq-sz  svctm  %util
mmcblk1          0.00    1.00      0.00      0.08     0.00     0.00   0.00   0.00    0.00 3598.00   3.60     0.00    80.00 1000.00 100.00

06.09.2022 22:00:17
avg-cpu:  %user   %nice %system %iowait  %steal   %idle
           0.00    0.00    2.23    4.70    0.00   93.07

Device            r/s     w/s     rMB/s     wMB/s   rrqm/s   wrqm/s  %rrqm  %wrqm r_await w_await aqu-sz rareq-sz wareq-sz  svctm  %util
mmcblk1          0.00   12.00      0.00      3.09     0.00   410.00   0.00  97.16    0.00  645.17   7.74     0.00   263.67  83.33 100.00

06.09.2022 22:00:18
avg-cpu:  %user   %nice %system %iowait  %steal   %idle
           0.00    0.00    0.00   11.75    0.00   88.25

Device            r/s     w/s     rMB/s     wMB/s   rrqm/s   wrqm/s  %rrqm  %wrqm r_await w_await aqu-sz rareq-sz wareq-sz  svctm  %util
mmcblk1          0.00    1.00      0.00      0.09     0.00    69.00   0.00  98.57    0.00 1461.00   1.46     0.00    88.00 1000.00 100.00

06.09.2022 22:00:19
avg-cpu:  %user   %nice %system %iowait  %steal   %idle
           0.00    0.00    0.00   44.97    0.00   55.03

Device            r/s     w/s     rMB/s     wMB/s   rrqm/s   wrqm/s  %rrqm  %wrqm r_await w_await aqu-sz rareq-sz wareq-sz  svctm  %util
mmcblk1          0.00    8.00      0.00      1.70     0.00     1.00   0.00  11.11    0.00 2438.12  19.50     0.00   217.50 125.00 100.00

06.09.2022 22:00:20
avg-cpu:  %user   %nice %system %iowait  %steal   %idle
           0.00    0.00    0.00   50.00    0.00   50.00

Device            r/s     w/s     rMB/s     wMB/s   rrqm/s   wrqm/s  %rrqm  %wrqm r_await w_await aqu-sz rareq-sz wareq-sz  svctm  %util
mmcblk1          0.00    5.00      0.00      1.95     0.00     0.00   0.00   0.00    0.00 3051.80  15.26     0.00   400.00 200.00 100.00

06.09.2022 22:00:21
avg-cpu:  %user   %nice %system %iowait  %steal   %idle
           0.00    0.00    0.00   49.87    0.00   50.13

Device            r/s     w/s     rMB/s     wMB/s   rrqm/s   wrqm/s  %rrqm  %wrqm r_await w_await aqu-sz rareq-sz wareq-sz  svctm  %util
mmcblk1          0.00    1.00      0.00      0.16     0.00     0.00   0.00   0.00    0.00 4142.00   4.14     0.00   168.00 1000.00 100.00

06.09.2022 22:00:22
avg-cpu:  %user   %nice %system %iowait  %steal   %idle
           0.00    0.00    1.74    7.71    0.00   90.55

Device            r/s     w/s     rMB/s     wMB/s   rrqm/s   wrqm/s  %rrqm  %wrqm r_await w_await aqu-sz rareq-sz wareq-sz  svctm  %util
mmcblk1          0.00    8.00      0.00      2.35     0.00   437.00   0.00  98.20    0.00  813.38   6.51     0.00   300.50 125.00 100.00

06.09.2022 22:00:23
avg-cpu:  %user   %nice %system %iowait  %steal   %idle
           0.00    0.00    0.00    8.50    0.00   91.50

Device            r/s     w/s     rMB/s     wMB/s   rrqm/s   wrqm/s  %rrqm  %wrqm r_await w_await aqu-sz rareq-sz wareq-sz  svctm  %util
mmcblk1          0.00    2.00      0.00      0.09     0.00    60.00   0.00  96.77    0.00 1364.00   2.73     0.00    44.00 210.00  42.00

06.09.2022 22:00:24
avg-cpu:  %user   %nice %system %iowait  %steal   %idle
           0.00    0.00    0.00   75.00    0.00   25.00

Device            r/s     w/s     rMB/s     wMB/s   rrqm/s   wrqm/s  %rrqm  %wrqm r_await w_await aqu-sz rareq-sz wareq-sz  svctm  %util
mmcblk1          0.00    3.00      0.00      1.17     0.00     0.00   0.00   0.00    0.00 2013.00   6.04     0.00   398.67 333.33 100.00

06.09.2022 22:00:25
avg-cpu:  %user   %nice %system %iowait  %steal   %idle
           0.00    0.00    0.25   74.94    0.00   24.81

Device            r/s     w/s     rMB/s     wMB/s   rrqm/s   wrqm/s  %rrqm  %wrqm r_await w_await aqu-sz rareq-sz wareq-sz  svctm  %util
mmcblk1          0.00    5.00      0.00      0.99     0.00     0.00   0.00   0.00    0.00 3073.80  15.37     0.00   202.40 200.00 100.00

06.09.2022 22:00:26
avg-cpu:  %user   %nice %system %iowait  %steal   %idle
           0.00    0.00    0.25   47.99    0.00   51.76

Device            r/s     w/s     rMB/s     wMB/s   rrqm/s   wrqm/s  %rrqm  %wrqm r_await w_await aqu-sz rareq-sz wareq-sz  svctm  %util
mmcblk1          0.00    6.00      0.00      1.51     0.00   304.00   0.00  98.06    0.00  489.50   2.94     0.00   257.33 166.67 100.00

06.09.2022 22:00:27
avg-cpu:  %user   %nice %system %iowait  %steal   %idle
           0.00    0.00    0.00    0.00    0.00  100.00

Device            r/s     w/s     rMB/s     wMB/s   rrqm/s   wrqm/s  %rrqm  %wrqm r_await w_await aqu-sz rareq-sz wareq-sz  svctm  %util
mmcblk1          0.00    3.00      0.00      0.95     0.00    39.00   0.00  92.86    0.00 1096.00   3.29     0.00   325.33 333.33 100.00

06.09.2022 22:00:28
avg-cpu:  %user   %nice %system %iowait  %steal   %idle
           0.00    0.00    0.75    0.00    0.00   99.25

Device            r/s     w/s     rMB/s     wMB/s   rrqm/s   wrqm/s  %rrqm  %wrqm r_await w_await aqu-sz rareq-sz wareq-sz  svctm  %util
mmcblk1          0.00    3.00      0.00      1.02     0.00   113.00   0.00  97.41    0.00 1699.67   5.10     0.00   349.33 333.33 100.00

06.09.2022 22:00:29
avg-cpu:  %user   %nice %system %iowait  %steal   %idle
           0.00    0.00    0.00   37.34    0.00   62.66

Device            r/s     w/s     rMB/s     wMB/s   rrqm/s   wrqm/s  %rrqm  %wrqm r_await w_await aqu-sz rareq-sz wareq-sz  svctm  %util
mmcblk1          0.00    5.00      0.00      0.81     0.00    64.00   0.00  92.75    0.00 2611.40  13.06     0.00   165.60 200.00 100.00

06.09.2022 22:00:30
avg-cpu:  %user   %nice %system %iowait  %steal   %idle
           0.00    0.00    0.00   75.00    0.00   25.00

Device            r/s     w/s     rMB/s     wMB/s   rrqm/s   wrqm/s  %rrqm  %wrqm r_await w_await aqu-sz rareq-sz wareq-sz  svctm  %util
mmcblk1          0.00    5.00      0.00      1.76     0.00     0.00   0.00   0.00    0.00 2458.60  12.29     0.00   360.80 200.00 100.00

06.09.2022 22:00:31
avg-cpu:  %user   %nice %system %iowait  %steal   %idle
           0.00    0.00    0.00   74.94    0.00   25.06

Device            r/s     w/s     rMB/s     wMB/s   rrqm/s   wrqm/s  %rrqm  %wrqm r_await w_await aqu-sz rareq-sz wareq-sz  svctm  %util
mmcblk1          0.00    6.00      0.00      1.64     0.00     0.00   0.00   0.00    0.00 2874.33  17.25     0.00   280.67 166.67 100.00

06.09.2022 22:00:32
avg-cpu:  %user   %nice %system %iowait  %steal   %idle
           0.00    0.00    0.25   44.36    0.00   55.39

Device            r/s     w/s     rMB/s     wMB/s   rrqm/s   wrqm/s  %rrqm  %wrqm r_await w_await aqu-sz rareq-sz wareq-sz  svctm  %util
mmcblk1          0.00    1.00      0.00      0.25     0.00   216.00   0.00  99.54    0.00 3009.00   3.01     0.00   256.00 1000.00 100.00

06.09.2022 22:00:33
avg-cpu:  %user   %nice %system %iowait  %steal   %idle
           0.00    0.00    1.25    0.75    0.00   98.00

Device            r/s     w/s     rMB/s     wMB/s   rrqm/s   wrqm/s  %rrqm  %wrqm r_await w_await aqu-sz rareq-sz wareq-sz  svctm  %util
mmcblk1          0.00    7.00      0.00      2.28     0.00   210.00   0.00  96.77    0.00 1071.00   7.50     0.00   333.71 142.86 100.00

06.09.2022 22:00:34
avg-cpu:  %user   %nice %system %iowait  %steal   %idle
           0.00    0.00    0.00   27.00    0.00   73.00

Device            r/s     w/s     rMB/s     wMB/s   rrqm/s   wrqm/s  %rrqm  %wrqm r_await w_await aqu-sz rareq-sz wareq-sz  svctm  %util
mmcblk1          0.00    2.00      0.00      0.46     0.00    58.00   0.00  96.67    0.00 2136.00   4.27     0.00   238.00 500.00 100.00

06.09.2022 22:00:35
avg-cpu:  %user   %nice %system %iowait  %steal   %idle
           0.00    0.00    0.00   50.00    0.00   50.00

Device            r/s     w/s     rMB/s     wMB/s   rrqm/s   wrqm/s  %rrqm  %wrqm r_await w_await aqu-sz rareq-sz wareq-sz  svctm  %util
mmcblk1          0.00    1.00      0.00      0.16     0.00     0.00   0.00   0.00    0.00 3565.00   3.56     0.00   168.00 1000.00 100.00

06.09.2022 22:00:36
avg-cpu:  %user   %nice %system %iowait  %steal   %idle
           0.00    0.00    0.00   50.13    0.00   49.87

Device            r/s     w/s     rMB/s     wMB/s   rrqm/s   wrqm/s  %rrqm  %wrqm r_await w_await aqu-sz rareq-sz wareq-sz  svctm  %util
mmcblk1          0.00    2.00      0.00      0.61     0.00     0.00   0.00   0.00    0.00 3997.50   8.00     0.00   310.00 500.00 100.00

06.09.2022 22:00:37
avg-cpu:  %user   %nice %system %iowait  %steal   %idle
           0.00    0.00    0.00   49.87    0.00   50.13

Device            r/s     w/s     rMB/s     wMB/s   rrqm/s   wrqm/s  %rrqm  %wrqm r_await w_await aqu-sz rareq-sz wareq-sz  svctm  %util
mmcblk1          0.00    2.00      0.00      0.24     0.00     0.00   0.00   0.00    0.00 3882.50   7.77     0.00   124.00 500.00 100.00

06.09.2022 22:00:38
avg-cpu:  %user   %nice %system %iowait  %steal   %idle
           0.00    0.00    0.00   50.00    0.00   50.00

Device            r/s     w/s     rMB/s     wMB/s   rrqm/s   wrqm/s  %rrqm  %wrqm r_await w_await aqu-sz rareq-sz wareq-sz  svctm  %util
mmcblk1          0.00    5.00      0.00      1.43     0.00     0.00   0.00   0.00    0.00 4603.40  23.02     0.00   292.00 200.00 100.00

06.09.2022 22:00:39
avg-cpu:  %user   %nice %system %iowait  %steal   %idle
           0.00    0.00    0.75   45.00    0.00   54.25

Device            r/s     w/s     rMB/s     wMB/s   rrqm/s   wrqm/s  %rrqm  %wrqm r_await w_await aqu-sz rareq-sz wareq-sz  svctm  %util
mmcblk1          0.00    2.00      0.00      0.44     0.00   213.00   0.00  99.07    0.00 5370.00  10.74     0.00   224.00 500.00 100.00

06.09.2022 22:00:40
avg-cpu:  %user   %nice %system %iowait  %steal   %idle
           0.00    0.00    0.25   34.25    0.00   65.50

Device            r/s     w/s     rMB/s     wMB/s   rrqm/s   wrqm/s  %rrqm  %wrqm r_await w_await aqu-sz rareq-sz wareq-sz  svctm  %util
mmcblk1          0.00    6.00      0.00      1.23     0.00    42.00   0.00  87.50    0.00  869.67   5.22     0.00   210.00 166.67 100.00

06.09.2022 22:00:41
avg-cpu:  %user   %nice %system %iowait  %steal   %idle
           0.00    0.00    0.00   50.13    0.00   49.87

Device            r/s     w/s     rMB/s     wMB/s   rrqm/s   wrqm/s  %rrqm  %wrqm r_await w_await aqu-sz rareq-sz wareq-sz  svctm  %util
mmcblk1          0.00    5.00      0.00      1.42     0.00     0.00   0.00   0.00    0.00 1540.40   7.70     0.00   291.20 200.00 100.00

06.09.2022 22:00:42
avg-cpu:  %user   %nice %system %iowait  %steal   %idle
           0.00    0.00    0.25   49.75    0.00   50.00

Device            r/s     w/s     rMB/s     wMB/s   rrqm/s   wrqm/s  %rrqm  %wrqm r_await w_await aqu-sz rareq-sz wareq-sz  svctm  %util
mmcblk1          0.00    7.00      0.00      1.36     0.00     0.00   0.00   0.00    0.00 2716.29  19.02     0.00   199.43 142.86 100.00

06.09.2022 22:00:43
avg-cpu:  %user   %nice %system %iowait  %steal   %idle
           0.00    0.00    1.50   10.97    0.00   87.53

Device            r/s     w/s     rMB/s     wMB/s   rrqm/s   wrqm/s  %rrqm  %wrqm r_await w_await aqu-sz rareq-sz wareq-sz  svctm  %util
mmcblk1          0.00    3.00      0.00      0.36     0.00   236.00   0.00  98.74    0.00 1143.33   3.43     0.00   124.00 333.33 100.00

06.09.2022 22:00:44
avg-cpu:  %user   %nice %system %iowait  %steal   %idle
           0.00    0.00    1.00    0.00    0.00   99.00

Device            r/s     w/s     rMB/s     wMB/s   rrqm/s   wrqm/s  %rrqm  %wrqm r_await w_await aqu-sz rareq-sz wareq-sz  svctm  %util
mmcblk1          0.00   17.00      0.00      3.89     0.00   178.00   0.00  91.28    0.00 1502.06  25.54     0.00   234.59  58.82 100.00

06.09.2022 22:00:45
avg-cpu:  %user   %nice %system %iowait  %steal   %idle
           0.00    0.00    0.25   10.28    0.00   89.47

Device            r/s     w/s     rMB/s     wMB/s   rrqm/s   wrqm/s  %rrqm  %wrqm r_await w_await aqu-sz rareq-sz wareq-sz  svctm  %util
mmcblk1          0.00   17.00      0.00      7.84     0.00    56.00   0.00  76.71    0.00 2574.53  43.77     0.00   472.47  58.82 100.00

06.09.2022 22:00:46
avg-cpu:  %user   %nice %system %iowait  %steal   %idle
           0.00    0.00    0.50   50.00    0.00   49.50

Device            r/s     w/s     rMB/s     wMB/s   rrqm/s   wrqm/s  %rrqm  %wrqm r_await w_await aqu-sz rareq-sz wareq-sz  svctm  %util
mmcblk1          0.00   14.00      0.00      6.57     0.00     0.00   0.00   0.00    0.00 3662.07  51.27     0.00   480.86  71.43 100.00

06.09.2022 22:00:47
avg-cpu:  %user   %nice %system %iowait  %steal   %idle
           0.00    0.00    0.00   50.00    0.00   50.00

Device            r/s     w/s     rMB/s     wMB/s   rrqm/s   wrqm/s  %rrqm  %wrqm r_await w_await aqu-sz rareq-sz wareq-sz  svctm  %util
mmcblk1          0.00   15.00      0.00      5.57     0.00     0.00   0.00   0.00    0.00 3988.73  59.83     0.00   380.00  66.67 100.00

06.09.2022 22:00:48
avg-cpu:  %user   %nice %system %iowait  %steal   %idle
           0.00    0.00    0.25   50.00    0.00   49.75

Device            r/s     w/s     rMB/s     wMB/s   rrqm/s   wrqm/s  %rrqm  %wrqm r_await w_await aqu-sz rareq-sz wareq-sz  svctm  %util
mmcblk1          0.00    6.00      0.00      2.42     0.00     0.00   0.00   0.00    0.00 4814.33  28.89     0.00   412.67 166.67 100.00

06.09.2022 22:00:49
avg-cpu:  %user   %nice %system %iowait  %steal   %idle
           0.00    0.00    0.25   49.88    0.00   49.88

Device            r/s     w/s     rMB/s     wMB/s   rrqm/s   wrqm/s  %rrqm  %wrqm r_await w_await aqu-sz rareq-sz wareq-sz  svctm  %util
mmcblk1          0.00    5.00      0.00      1.72     0.00     0.00   0.00   0.00    0.00 6070.20  30.35     0.00   352.00 200.00 100.00

06.09.2022 22:00:50
avg-cpu:  %user   %nice %system %iowait  %steal   %idle
           0.00    0.00    0.00   50.00    0.00   50.00

Device            r/s     w/s     rMB/s     wMB/s   rrqm/s   wrqm/s  %rrqm  %wrqm r_await w_await aqu-sz rareq-sz wareq-sz  svctm  %util
mmcblk1          0.00    1.00      0.00      0.43     0.00     0.00   0.00   0.00    0.00 7184.00   7.18     0.00   440.00 1000.00 100.00

06.09.2022 22:00:51
avg-cpu:  %user   %nice %system %iowait  %steal   %idle
           0.00    0.00    0.25   49.88    0.00   49.88

Device            r/s     w/s     rMB/s     wMB/s   rrqm/s   wrqm/s  %rrqm  %wrqm r_await w_await aqu-sz rareq-sz wareq-sz  svctm  %util
mmcblk1          0.00    6.00      0.00      1.89     0.00     0.00   0.00   0.00    0.00 6549.67  39.30     0.00   322.67 166.67 100.00

06.09.2022 22:00:52
avg-cpu:  %user   %nice %system %iowait  %steal   %idle
           0.00    0.00    1.25   48.50    0.00   50.25

Device            r/s     w/s     rMB/s     wMB/s   rrqm/s   wrqm/s  %rrqm  %wrqm r_await w_await aqu-sz rareq-sz wareq-sz  svctm  %util
mmcblk1          0.00   13.00      0.00      1.50     0.00   353.00   0.00  96.45    0.00  566.62   7.37     0.00   118.15  76.92 100.00

06.09.2022 22:00:53
avg-cpu:  %user   %nice %system %iowait  %steal   %idle
           0.00    0.00    0.00   50.00    0.00   50.00

Device            r/s     w/s     rMB/s     wMB/s   rrqm/s   wrqm/s  %rrqm  %wrqm r_await w_await aqu-sz rareq-sz wareq-sz  svctm  %util
mmcblk1          0.00    4.00      0.00      0.99     0.00    26.00   0.00  86.67    0.00  815.50   3.26     0.00   254.00 250.00 100.00

06.09.2022 22:00:54
avg-cpu:  %user   %nice %system %iowait  %steal   %idle
           0.00    0.00    0.00   49.87    0.00   50.13

Device            r/s     w/s     rMB/s     wMB/s   rrqm/s   wrqm/s  %rrqm  %wrqm r_await w_await aqu-sz rareq-sz wareq-sz  svctm  %util
mmcblk1          0.00    2.00      0.00      0.70     0.00     0.00   0.00   0.00    0.00 1717.50   3.44     0.00   356.00 500.00 100.00

06.09.2022 22:00:55
avg-cpu:  %user   %nice %system %iowait  %steal   %idle
           0.00    0.00    0.50   49.75    0.00   49.75

Device            r/s     w/s     rMB/s     wMB/s   rrqm/s   wrqm/s  %rrqm  %wrqm r_await w_await aqu-sz rareq-sz wareq-sz  svctm  %util
mmcblk1          0.00    1.00      0.00      0.44     0.00     0.00   0.00   0.00    0.00 2753.00   2.75     0.00   448.00 1000.00 100.00

06.09.2022 22:00:56
avg-cpu:  %user   %nice %system %iowait  %steal   %idle
           0.00    0.00    0.00   50.00    0.00   50.00

Device            r/s     w/s     rMB/s     wMB/s   rrqm/s   wrqm/s  %rrqm  %wrqm r_await w_await aqu-sz rareq-sz wareq-sz  svctm  %util
mmcblk1          0.00    7.00      0.00      1.95     0.00    24.00   0.00  77.42    0.00 3751.57  26.26     0.00   285.71 142.86 100.00

06.09.2022 22:00:57
avg-cpu:  %user   %nice %system %iowait  %steal   %idle
           0.00    0.00    0.00   50.00    0.00   50.00

Device            r/s     w/s     rMB/s     wMB/s   rrqm/s   wrqm/s  %rrqm  %wrqm r_await w_await aqu-sz rareq-sz wareq-sz  svctm  %util
mmcblk1          0.00    8.00      0.00      2.20     0.00    70.00   0.00  89.74    0.00 4865.88  38.93     0.00   282.00  66.25  53.00

06.09.2022 22:00:58
avg-cpu:  %user   %nice %system %iowait  %steal   %idle
           0.00    0.00    0.00   50.13    0.00   49.87

Device            r/s     w/s     rMB/s     wMB/s   rrqm/s   wrqm/s  %rrqm  %wrqm r_await w_await aqu-sz rareq-sz wareq-sz  svctm  %util
mmcblk1          0.00    2.00      0.00      0.21     0.00     0.00   0.00   0.00    0.00 5850.50  11.70     0.00   110.00 500.00 100.00

06.09.2022 22:00:59
avg-cpu:  %user   %nice %system %iowait  %steal   %idle
           0.00    0.00    0.00   50.00    0.00   50.00

Device            r/s     w/s     rMB/s     wMB/s   rrqm/s   wrqm/s  %rrqm  %wrqm r_await w_await aqu-sz rareq-sz wareq-sz  svctm  %util
mmcblk1          0.00    2.00      0.00      0.20     0.00     0.00   0.00   0.00    0.00 6826.50  13.65     0.00   104.00 500.00 100.00

06.09.2022 22:01:00
avg-cpu:  %user   %nice %system %iowait  %steal   %idle
           0.00    0.00    0.00   50.00    0.00   50.00

Device            r/s     w/s     rMB/s     wMB/s   rrqm/s   wrqm/s  %rrqm  %wrqm r_await w_await aqu-sz rareq-sz wareq-sz  svctm  %util
mmcblk1          0.00  120.00      0.00      1.62     0.00   758.00   0.00  86.33    0.00 5774.51 692.94     0.00    13.83   8.33 100.00

06.09.2022 22:01:01
avg-cpu:  %user   %nice %system %iowait  %steal   %idle
           0.50    0.00    0.25   49.87    0.00   49.37

Device            r/s     w/s     rMB/s     wMB/s   rrqm/s   wrqm/s  %rrqm  %wrqm r_await w_await aqu-sz rareq-sz wareq-sz  svctm  %util
mmcblk1          0.00   83.00      0.00      2.49     0.00  1246.00   0.00  93.75    0.00 1398.61 116.08     0.00    30.75  12.05 100.00

06.09.2022 22:01:02
avg-cpu:  %user   %nice %system %iowait  %steal   %idle
           0.00    0.00    0.00   50.00    0.00   50.00

Device            r/s     w/s     rMB/s     wMB/s   rrqm/s   wrqm/s  %rrqm  %wrqm r_await w_await aqu-sz rareq-sz wareq-sz  svctm  %util
mmcblk1          0.00    1.00      0.00      0.01     0.00     0.00   0.00   0.00    0.00 1723.00   1.72     0.00     8.00 1000.00 100.00

06.09.2022 22:01:03
avg-cpu:  %user   %nice %system %iowait  %steal   %idle
           0.00    0.00    0.00   50.00    0.00   50.00

Device            r/s     w/s     rMB/s     wMB/s   rrqm/s   wrqm/s  %rrqm  %wrqm r_await w_await aqu-sz rareq-sz wareq-sz  svctm  %util
mmcblk1          0.00    7.00      0.00      0.25     0.00     0.00   0.00   0.00    0.00 3553.71  24.88     0.00    36.57 142.86 100.00

06.09.2022 22:01:04
avg-cpu:  %user   %nice %system %iowait  %steal   %idle
           0.00    0.00    0.00   50.00    0.00   50.00

Device            r/s     w/s     rMB/s     wMB/s   rrqm/s   wrqm/s  %rrqm  %wrqm r_await w_await aqu-sz rareq-sz wareq-sz  svctm  %util
mmcblk1          0.00   13.00      0.00      0.47     0.00     0.00   0.00   0.00    0.00 3576.62  46.50     0.00    37.23  76.92 100.00

06.09.2022 22:01:05
avg-cpu:  %user   %nice %system %iowait  %steal   %idle
           0.00    0.00    0.00   50.00    0.00   50.00

Device            r/s     w/s     rMB/s     wMB/s   rrqm/s   wrqm/s  %rrqm  %wrqm r_await w_await aqu-sz rareq-sz wareq-sz  svctm  %util
mmcblk1          0.00    3.00      0.00      0.07     0.00     0.00   0.00   0.00    0.00 7100.00  21.30     0.00    24.00 333.33 100.00

06.09.2022 22:01:06
avg-cpu:  %user   %nice %system %iowait  %steal   %idle
           0.00    0.00    0.00   50.00    0.00   50.00

Device            r/s     w/s     rMB/s     wMB/s   rrqm/s   wrqm/s  %rrqm  %wrqm r_await w_await aqu-sz rareq-sz wareq-sz  svctm  %util
mmcblk1          0.00   48.00      0.00      0.55     0.00     0.00   0.00   0.00    0.00 5452.79 261.73     0.00    11.75  20.83 100.00

06.09.2022 22:01:07
avg-cpu:  %user   %nice %system %iowait  %steal   %idle
           0.25    0.00    0.00   50.00    0.00   49.75

Device            r/s     w/s     rMB/s     wMB/s   rrqm/s   wrqm/s  %rrqm  %wrqm r_await w_await aqu-sz rareq-sz wareq-sz  svctm  %util
mmcblk1          0.00   25.00      0.00      1.91     0.00     0.00   0.00   0.00    0.00 5685.64 142.14     0.00    78.40  40.00 100.00

06.09.2022 22:01:08
avg-cpu:  %user   %nice %system %iowait  %steal   %idle
           0.25    0.00    0.75   39.65    0.00   59.35

Device            r/s     w/s     rMB/s     wMB/s   rrqm/s   wrqm/s  %rrqm  %wrqm r_await w_await aqu-sz rareq-sz wareq-sz  svctm  %util
mmcblk1          0.00   34.00      0.00      3.05     0.00     6.00   0.00  15.00    0.00 10012.03 340.41     0.00    92.00  29.41 100.00

06.09.2022 22:01:09
avg-cpu:  %user   %nice %system %iowait  %steal   %idle
           0.00    0.00    0.00   25.00    0.00   75.00

Device            r/s     w/s     rMB/s     wMB/s   rrqm/s   wrqm/s  %rrqm  %wrqm r_await w_await aqu-sz rareq-sz wareq-sz  svctm  %util
mmcblk1          0.00    3.00      0.00      0.01     0.00    33.00   0.00  91.67    0.00  301.33   0.91     0.00     4.00 333.33 100.00

06.09.2022 22:01:10
avg-cpu:  %user   %nice %system %iowait  %steal   %idle
           0.00    0.00    0.00    3.25    0.00   96.75

Device            r/s     w/s     rMB/s     wMB/s   rrqm/s   wrqm/s  %rrqm  %wrqm r_await w_await aqu-sz rareq-sz wareq-sz  svctm  %util
mmcblk1          0.00    7.00      0.00      0.16     0.00     0.00   0.00   0.00    0.00  495.43   3.47     0.00    22.86  18.57  13.00

06.09.2022 22:01:11
avg-cpu:  %user   %nice %system %iowait  %steal   %idle
           0.00    0.00    0.00    0.00    0.00  100.00

Device            r/s     w/s     rMB/s     wMB/s   rrqm/s   wrqm/s  %rrqm  %wrqm r_await w_await aqu-sz rareq-sz wareq-sz  svctm  %util
mmcblk1          0.00    0.00      0.00      0.00     0.00     0.00   0.00   0.00    0.00    0.00   0.00     0.00     0.00   0.00   0.00
