Linux 5.19.0-00005-gf3b6803c215b (raspberrypi)  06.09.2022      _armv7l_       (4 CPU)

06.09.2022 22:03:42
avg-cpu:  %user   %nice %system %iowait  %steal   %idle
           0.02    0.00    0.01    0.00    0.00    0.04

Device            r/s     w/s     rMB/s     wMB/s   rrqm/s   wrqm/s  %rrqm  %wrqm r_await w_await aqu-sz rareq-sz wareq-sz  svctm  %util
mmcblk1          0.00   12.00      0.00      4.40     0.00     8.00   0.00  40.00    0.00  933.08  11.20     0.00   375.33  83.33 100.00

06.09.2022 22:03:43
avg-cpu:  %user   %nice %system %iowait  %steal   %idle
           5.72    0.00    2.45   22.07    0.00   69.75

Device            r/s     w/s     rMB/s     wMB/s   rrqm/s   wrqm/s  %rrqm  %wrqm r_await w_await aqu-sz rareq-sz wareq-sz  svctm  %util
mmcblk1          0.00    7.00      0.00      2.93     0.00   205.00   0.00  96.70    0.00 2402.43  16.82     0.00   429.14 142.86 100.00

06.09.2022 22:03:44
avg-cpu:  %user   %nice %system %iowait  %steal   %idle
           1.28    0.00    2.05   42.05    0.00   54.62

Device            r/s     w/s     rMB/s     wMB/s   rrqm/s   wrqm/s  %rrqm  %wrqm r_await w_await aqu-sz rareq-sz wareq-sz  svctm  %util
mmcblk1          0.00   30.00      0.00     15.00     0.00  1429.00   0.00  97.94    0.00 3130.80  93.92     0.00   512.00  26.00  78.00

06.09.2022 22:03:45
avg-cpu:  %user   %nice %system %iowait  %steal   %idle
           0.00    0.00    0.00   50.13    0.00   49.87

Device            r/s     w/s     rMB/s     wMB/s   rrqm/s   wrqm/s  %rrqm  %wrqm r_await w_await aqu-sz rareq-sz wareq-sz  svctm  %util
mmcblk1          0.00    5.00      0.00      2.48     0.00     0.00   0.00   0.00    0.00 4183.40  20.92     0.00   508.00 200.00 100.00

06.09.2022 22:03:46
avg-cpu:  %user   %nice %system %iowait  %steal   %idle
           0.00    0.00    0.50   50.00    0.00   49.50

Device            r/s     w/s     rMB/s     wMB/s   rrqm/s   wrqm/s  %rrqm  %wrqm r_await w_await aqu-sz rareq-sz wareq-sz  svctm  %util
mmcblk1          0.00   19.00      0.00      8.44     0.00     0.00   0.00   0.00    0.00 4952.00  94.09     0.00   454.74  52.63 100.00

06.09.2022 22:03:47
avg-cpu:  %user   %nice %system %iowait  %steal   %idle
           0.00    0.00    1.00   49.37    0.00   49.62

Device            r/s     w/s     rMB/s     wMB/s   rrqm/s   wrqm/s  %rrqm  %wrqm r_await w_await aqu-sz rareq-sz wareq-sz  svctm  %util
mmcblk1          0.00   13.00      0.00      5.77     0.00   220.00   0.00  94.42    0.00 3606.54  46.88     0.00   454.46  76.92 100.00

06.09.2022 22:03:48
avg-cpu:  %user   %nice %system %iowait  %steal   %idle
          10.20    0.00    4.23   37.81    0.00   47.76

Device            r/s     w/s     rMB/s     wMB/s   rrqm/s   wrqm/s  %rrqm  %wrqm r_await w_await aqu-sz rareq-sz wareq-sz  svctm  %util
mmcblk1          0.00    8.00      0.00      3.32     0.00   200.00   0.00  96.15    0.00 2495.75  19.97     0.00   424.50 125.00 100.00

06.09.2022 22:03:49
avg-cpu:  %user   %nice %system %iowait  %steal   %idle
          14.78    0.00    7.12   33.25    0.00   44.85

Device            r/s     w/s     rMB/s     wMB/s   rrqm/s   wrqm/s  %rrqm  %wrqm r_await w_await aqu-sz rareq-sz wareq-sz  svctm  %util
mmcblk1          0.00    5.00      0.00      0.39     0.00   573.00   0.00  99.13    0.00 1418.80   7.09     0.00    79.20 200.00 100.00

06.09.2022 22:03:50
avg-cpu:  %user   %nice %system %iowait  %steal   %idle
           0.00    0.00    0.00   50.00    0.00   50.00

Device            r/s     w/s     rMB/s     wMB/s   rrqm/s   wrqm/s  %rrqm  %wrqm r_await w_await aqu-sz rareq-sz wareq-sz  svctm  %util
mmcblk1          0.00    4.00      0.00      0.55     0.00     0.00   0.00   0.00    0.00 1784.25   7.14     0.00   141.00 250.00 100.00

06.09.2022 22:03:51
avg-cpu:  %user   %nice %system %iowait  %steal   %idle
           0.00    0.00    0.00   50.00    0.00   50.00

Device            r/s     w/s     rMB/s     wMB/s   rrqm/s   wrqm/s  %rrqm  %wrqm r_await w_await aqu-sz rareq-sz wareq-sz  svctm  %util
mmcblk1          0.00    6.00      0.00      2.09     0.00     0.00   0.00   0.00    0.00 2846.50  17.08     0.00   356.67 166.67 100.00

06.09.2022 22:03:52
avg-cpu:  %user   %nice %system %iowait  %steal   %idle
           1.79    0.00    1.28   42.97    0.00   53.96

Device            r/s     w/s     rMB/s     wMB/s   rrqm/s   wrqm/s  %rrqm  %wrqm r_await w_await aqu-sz rareq-sz wareq-sz  svctm  %util
mmcblk1          0.00    9.00      0.00      2.96     0.00   301.00   0.00  97.10    0.00 1882.11  16.94     0.00   336.44 111.11 100.00

06.09.2022 22:03:53
avg-cpu:  %user   %nice %system %iowait  %steal   %idle
           1.31    0.00    0.52   22.72    0.00   75.46

Device            r/s     w/s     rMB/s     wMB/s   rrqm/s   wrqm/s  %rrqm  %wrqm r_await w_await aqu-sz rareq-sz wareq-sz  svctm  %util
mmcblk1          0.00    5.00      0.00      1.36     0.00   127.00   0.00  96.21    0.00  762.80   3.81     0.00   277.60 200.00 100.00

06.09.2022 22:03:54
avg-cpu:  %user   %nice %system %iowait  %steal   %idle
           0.81    0.00    0.00   22.91    0.00   76.28

Device            r/s     w/s     rMB/s     wMB/s   rrqm/s   wrqm/s  %rrqm  %wrqm r_await w_await aqu-sz rareq-sz wareq-sz  svctm  %util
mmcblk1          0.00    8.00      0.00      2.04     0.00   252.00   0.00  96.92    0.00 1488.62  11.91     0.00   260.50  93.75  75.00

06.09.2022 22:03:55
avg-cpu:  %user   %nice %system %iowait  %steal   %idle
           0.00    0.00    0.00   42.86    0.00   57.14

Device            r/s     w/s     rMB/s     wMB/s   rrqm/s   wrqm/s  %rrqm  %wrqm r_await w_await aqu-sz rareq-sz wareq-sz  svctm  %util
mmcblk1          0.00    3.00      0.00      0.83     0.00     0.00   0.00   0.00    0.00 1913.33   5.74     0.00   284.00 333.33 100.00

06.09.2022 22:03:56
avg-cpu:  %user   %nice %system %iowait  %steal   %idle
           0.00    0.00    0.00   50.13    0.00   49.87

Device            r/s     w/s     rMB/s     wMB/s   rrqm/s   wrqm/s  %rrqm  %wrqm r_await w_await aqu-sz rareq-sz wareq-sz  svctm  %util
mmcblk1          0.00    7.00      0.00      2.09     0.00     0.00   0.00   0.00    0.00 3286.29  23.00     0.00   305.14 142.86 100.00

06.09.2022 22:03:57
avg-cpu:  %user   %nice %system %iowait  %steal   %idle
           0.00    0.00    0.25   49.88    0.00   49.88

Device            r/s     w/s     rMB/s     wMB/s   rrqm/s   wrqm/s  %rrqm  %wrqm r_await w_await aqu-sz rareq-sz wareq-sz  svctm  %util
mmcblk1          0.00    2.00      0.00      0.26     0.00     0.00   0.00   0.00    0.00 4206.50   8.41     0.00   134.00 500.00 100.00

06.09.2022 22:03:58
avg-cpu:  %user   %nice %system %iowait  %steal   %idle
           0.00    0.00    0.00   50.13    0.00   49.87

Device            r/s     w/s     rMB/s     wMB/s   rrqm/s   wrqm/s  %rrqm  %wrqm r_await w_await aqu-sz rareq-sz wareq-sz  svctm  %util
mmcblk1          0.00    2.00      0.00      0.27     0.00     0.00   0.00   0.00    0.00 3841.00   7.68     0.00   138.00 500.00 100.00

06.09.2022 22:03:59
avg-cpu:  %user   %nice %system %iowait  %steal   %idle
           0.00    0.00    0.00   50.00    0.00   50.00

Device            r/s     w/s     rMB/s     wMB/s   rrqm/s   wrqm/s  %rrqm  %wrqm r_await w_await aqu-sz rareq-sz wareq-sz  svctm  %util
mmcblk1          0.00    1.00      0.00      0.26     0.00     0.00   0.00   0.00    0.00 5009.00   5.01     0.00   268.00 1000.00 100.00

06.09.2022 22:04:00
avg-cpu:  %user   %nice %system %iowait  %steal   %idle
           0.00    0.00    0.00   50.00    0.00   50.00

Device            r/s     w/s     rMB/s     wMB/s   rrqm/s   wrqm/s  %rrqm  %wrqm r_await w_await aqu-sz rareq-sz wareq-sz  svctm  %util
mmcblk1          0.00    2.00      0.00      0.73     0.00     0.00   0.00   0.00    0.00 5858.00  11.72     0.00   374.00 500.00 100.00

06.09.2022 22:04:01
avg-cpu:  %user   %nice %system %iowait  %steal   %idle
           1.50    0.00    0.25   50.50    0.00   47.75

Device            r/s     w/s     rMB/s     wMB/s   rrqm/s   wrqm/s  %rrqm  %wrqm r_await w_await aqu-sz rareq-sz wareq-sz  svctm  %util
mmcblk1          0.00    4.00      0.00      0.61     0.00    64.00   0.00  94.12    0.00 3369.50  13.48     0.00   157.00 250.00 100.00

06.09.2022 22:04:02
avg-cpu:  %user   %nice %system %iowait  %steal   %idle
           0.00    0.00    0.00   74.94    0.00   25.06

Device            r/s     w/s     rMB/s     wMB/s   rrqm/s   wrqm/s  %rrqm  %wrqm r_await w_await aqu-sz rareq-sz wareq-sz  svctm  %util
mmcblk1          0.00    1.00      0.00      0.07     0.00     0.00   0.00   0.00    0.00 1312.00   1.31     0.00    68.00 1000.00 100.00

06.09.2022 22:04:03
avg-cpu:  %user   %nice %system %iowait  %steal   %idle
           9.62    0.00    2.03   31.39    0.00   56.96

Device            r/s     w/s     rMB/s     wMB/s   rrqm/s   wrqm/s  %rrqm  %wrqm r_await w_await aqu-sz rareq-sz wareq-sz  svctm  %util
mmcblk1          0.00    7.00      0.00      1.57     0.00   406.00   0.00  98.31    0.00  674.00   4.72     0.00   229.14 142.86 100.00

06.09.2022 22:04:04
avg-cpu:  %user   %nice %system %iowait  %steal   %idle
           1.01    0.00    0.00   23.80    0.00   75.19

Device            r/s     w/s     rMB/s     wMB/s   rrqm/s   wrqm/s  %rrqm  %wrqm r_await w_await aqu-sz rareq-sz wareq-sz  svctm  %util
mmcblk1          0.00    1.00      0.00      0.19     0.00     0.00   0.00   0.00    0.00 1453.00   1.45     0.00   196.00 1000.00 100.00

06.09.2022 22:04:05
avg-cpu:  %user   %nice %system %iowait  %steal   %idle
           1.02    0.00    0.00   24.11    0.00   74.87

Device            r/s     w/s     rMB/s     wMB/s   rrqm/s   wrqm/s  %rrqm  %wrqm r_await w_await aqu-sz rareq-sz wareq-sz  svctm  %util
mmcblk1          0.00    3.00      0.00      0.93     0.00    74.00   0.00  96.10    0.00 2351.67   7.05     0.00   316.00 333.33 100.00

06.09.2022 22:04:06
avg-cpu:  %user   %nice %system %iowait  %steal   %idle
           0.76    0.00    0.00   39.24    0.00   60.00

Device            r/s     w/s     rMB/s     wMB/s   rrqm/s   wrqm/s  %rrqm  %wrqm r_await w_await aqu-sz rareq-sz wareq-sz  svctm  %util
mmcblk1          0.00    2.00      0.00      0.30     0.00    52.00   0.00  96.30    0.00 3304.00   6.61     0.00   154.00 300.00  60.00

06.09.2022 22:04:07
avg-cpu:  %user   %nice %system %iowait  %steal   %idle
           0.25    0.00    0.25   49.87    0.00   49.62

Device            r/s     w/s     rMB/s     wMB/s   rrqm/s   wrqm/s  %rrqm  %wrqm r_await w_await aqu-sz rareq-sz wareq-sz  svctm  %util
mmcblk1          0.00    7.00      0.00      2.33     0.00     0.00   0.00   0.00    0.00 4141.57  28.99     0.00   340.57 142.86 100.00

06.09.2022 22:04:08
avg-cpu:  %user   %nice %system %iowait  %steal   %idle
           0.00    0.00    0.00   50.00    0.00   50.00

Device            r/s     w/s     rMB/s     wMB/s   rrqm/s   wrqm/s  %rrqm  %wrqm r_await w_await aqu-sz rareq-sz wareq-sz  svctm  %util
mmcblk1          0.00    2.00      0.00      0.98     0.00     0.00   0.00   0.00    0.00 5387.50  10.78     0.00   500.00 500.00 100.00

06.09.2022 22:04:09
avg-cpu:  %user   %nice %system %iowait  %steal   %idle
           0.00    0.00    0.00   50.13    0.00   49.87

Device            r/s     w/s     rMB/s     wMB/s   rrqm/s   wrqm/s  %rrqm  %wrqm r_await w_await aqu-sz rareq-sz wareq-sz  svctm  %util
mmcblk1          0.00    3.00      0.00      0.46     0.00     0.00   0.00   0.00    0.00 5006.33  15.02     0.00   156.00 333.33 100.00

06.09.2022 22:04:10
avg-cpu:  %user   %nice %system %iowait  %steal   %idle
           0.25    0.00    0.51   39.24    0.00   60.00

Device            r/s     w/s     rMB/s     wMB/s   rrqm/s   wrqm/s  %rrqm  %wrqm r_await w_await aqu-sz rareq-sz wareq-sz  svctm  %util
mmcblk1          0.00    8.00      0.00      2.34     0.00   443.00   0.00  98.23    0.00  549.88   4.40     0.00   299.50 125.00 100.00

06.09.2022 22:04:11
avg-cpu:  %user   %nice %system %iowait  %steal   %idle
           0.50    0.00    0.75   38.19    0.00   60.55

Device            r/s     w/s     rMB/s     wMB/s   rrqm/s   wrqm/s  %rrqm  %wrqm r_await w_await aqu-sz rareq-sz wareq-sz  svctm  %util
mmcblk1          0.00    3.00      0.00      1.02     0.00   195.00   0.00  98.48    0.00  734.67   2.20     0.00   349.33 310.00  93.00

06.09.2022 22:04:12
avg-cpu:  %user   %nice %system %iowait  %steal   %idle
           0.00    0.00    0.00   73.43    0.00   26.57

Device            r/s     w/s     rMB/s     wMB/s   rrqm/s   wrqm/s  %rrqm  %wrqm r_await w_await aqu-sz rareq-sz wareq-sz  svctm  %util
mmcblk1          0.00    3.00      0.00      1.05     0.00     0.00   0.00   0.00    0.00 1970.67   5.91     0.00   360.00 333.33 100.00

06.09.2022 22:04:13
avg-cpu:  %user   %nice %system %iowait  %steal   %idle
           0.00    0.00    0.00   74.94    0.00   25.06

Device            r/s     w/s     rMB/s     wMB/s   rrqm/s   wrqm/s  %rrqm  %wrqm r_await w_await aqu-sz rareq-sz wareq-sz  svctm  %util
mmcblk1          0.00    8.00      0.00      1.84     0.00     0.00   0.00   0.00    0.00 2098.88  16.79     0.00   235.00 125.00 100.00

06.09.2022 22:04:14
avg-cpu:  %user   %nice %system %iowait  %steal   %idle
           0.00    0.00    0.00   75.00    0.00   25.00

Device            r/s     w/s     rMB/s     wMB/s   rrqm/s   wrqm/s  %rrqm  %wrqm r_await w_await aqu-sz rareq-sz wareq-sz  svctm  %util
mmcblk1          0.00    3.00      0.00      0.29     0.00     0.00   0.00   0.00    0.00 2857.00   8.57     0.00    98.67 333.33 100.00

06.09.2022 22:04:15
avg-cpu:  %user   %nice %system %iowait  %steal   %idle
           0.77    0.00    0.77   37.76    0.00   60.71

Device            r/s     w/s     rMB/s     wMB/s   rrqm/s   wrqm/s  %rrqm  %wrqm r_await w_await aqu-sz rareq-sz wareq-sz  svctm  %util
mmcblk1          0.00    3.00      0.00      0.58     0.00   257.00   0.00  98.85    0.00 1502.67   4.51     0.00   198.67 333.33 100.00

06.09.2022 22:04:16
avg-cpu:  %user   %nice %system %iowait  %steal   %idle
           1.02    0.00    0.51   44.02    0.00   54.45

Device            r/s     w/s     rMB/s     wMB/s   rrqm/s   wrqm/s  %rrqm  %wrqm r_await w_await aqu-sz rareq-sz wareq-sz  svctm  %util
mmcblk1          0.00    4.00      0.00      1.46     0.00    51.00   0.00  92.73    0.00 1374.50   5.50     0.00   373.00 115.00  46.00

06.09.2022 22:04:17
avg-cpu:  %user   %nice %system %iowait  %steal   %idle
           1.51    0.00    0.25   72.80    0.00   25.44

Device            r/s     w/s     rMB/s     wMB/s   rrqm/s   wrqm/s  %rrqm  %wrqm r_await w_await aqu-sz rareq-sz wareq-sz  svctm  %util
mmcblk1          0.00    3.00      0.00      0.52     0.00     0.00   0.00   0.00    0.00 2259.33   6.78     0.00   176.00 333.33 100.00

06.09.2022 22:04:18
avg-cpu:  %user   %nice %system %iowait  %steal   %idle
           1.52    0.00    0.25   53.30    0.00   44.92

Device            r/s     w/s     rMB/s     wMB/s   rrqm/s   wrqm/s  %rrqm  %wrqm r_await w_await aqu-sz rareq-sz wareq-sz  svctm  %util
mmcblk1          0.00    2.00      0.00      0.21     0.00   204.00   0.00  99.03    0.00 1156.50   2.31     0.00   106.00 500.00 100.00

06.09.2022 22:04:19
avg-cpu:  %user   %nice %system %iowait  %steal   %idle
           2.02    0.00    0.51   23.23    0.00   74.24

Device            r/s     w/s     rMB/s     wMB/s   rrqm/s   wrqm/s  %rrqm  %wrqm r_await w_await aqu-sz rareq-sz wareq-sz  svctm  %util
mmcblk1          0.00    1.00      0.00      0.50     0.00     1.00   0.00  50.00    0.00  894.00   0.89     0.00   512.00 1000.00 100.00

06.09.2022 22:04:20
avg-cpu:  %user   %nice %system %iowait  %steal   %idle
           0.51    0.00    0.51   23.86    0.00   75.13

Device            r/s     w/s     rMB/s     wMB/s   rrqm/s   wrqm/s  %rrqm  %wrqm r_await w_await aqu-sz rareq-sz wareq-sz  svctm  %util
mmcblk1          0.00    1.00      0.00      0.11     0.00     0.00   0.00   0.00    0.00 1680.00   1.68     0.00   116.00 1000.00 100.00

06.09.2022 22:04:21
avg-cpu:  %user   %nice %system %iowait  %steal   %idle
           0.00    0.00    0.00   24.75    0.00   75.25

Device            r/s     w/s     rMB/s     wMB/s   rrqm/s   wrqm/s  %rrqm  %wrqm r_await w_await aqu-sz rareq-sz wareq-sz  svctm  %util
mmcblk1          0.00    5.00      0.00      0.84     0.00    61.00   0.00  92.42    0.00 2573.40  12.87     0.00   171.20 152.00  76.00

06.09.2022 22:04:22
avg-cpu:  %user   %nice %system %iowait  %steal   %idle
           0.00    0.00    0.25   48.75    0.00   51.00

Device            r/s     w/s     rMB/s     wMB/s   rrqm/s   wrqm/s  %rrqm  %wrqm r_await w_await aqu-sz rareq-sz wareq-sz  svctm  %util
mmcblk1          0.00   15.00      0.00      3.52     0.00     0.00   0.00   0.00    0.00 3434.73  51.52     0.00   240.00  66.67 100.00

06.09.2022 22:04:23
avg-cpu:  %user   %nice %system %iowait  %steal   %idle
           0.00    0.00    0.00   49.87    0.00   50.13

Device            r/s     w/s     rMB/s     wMB/s   rrqm/s   wrqm/s  %rrqm  %wrqm r_await w_await aqu-sz rareq-sz wareq-sz  svctm  %util
mmcblk1          0.00    2.00      0.00      0.35     0.00     0.00   0.00   0.00    0.00 5019.00  10.04     0.00   180.00 500.00 100.00

06.09.2022 22:04:24
avg-cpu:  %user   %nice %system %iowait  %steal   %idle
           0.00    0.00    0.00   50.00    0.00   50.00

Device            r/s     w/s     rMB/s     wMB/s   rrqm/s   wrqm/s  %rrqm  %wrqm r_await w_await aqu-sz rareq-sz wareq-sz  svctm  %util
mmcblk1          0.00    2.00      0.00      0.09     0.00     0.00   0.00   0.00    0.00 3242.00   6.48     0.00    44.00 500.00 100.00

06.09.2022 22:04:25
avg-cpu:  %user   %nice %system %iowait  %steal   %idle
           2.03    0.00    1.77   29.87    0.00   66.33

Device            r/s     w/s     rMB/s     wMB/s   rrqm/s   wrqm/s  %rrqm  %wrqm r_await w_await aqu-sz rareq-sz wareq-sz  svctm  %util
mmcblk1          0.00    7.00      0.00      0.95     0.00   298.00   0.00  97.70    0.00  543.86   3.81     0.00   139.43 142.86 100.00

06.09.2022 22:04:26
avg-cpu:  %user   %nice %system %iowait  %steal   %idle
           1.27    0.00    0.51   43.00    0.00   55.22

Device            r/s     w/s     rMB/s     wMB/s   rrqm/s   wrqm/s  %rrqm  %wrqm r_await w_await aqu-sz rareq-sz wareq-sz  svctm  %util
mmcblk1          0.00   10.00      0.00      3.50     0.00   280.00   0.00  96.55    0.00 1071.10  10.71     0.00   358.80 100.00 100.00

06.09.2022 22:04:27
avg-cpu:  %user   %nice %system %iowait  %steal   %idle
           0.00    0.00    0.00   75.00    0.00   25.00

Device            r/s     w/s     rMB/s     wMB/s   rrqm/s   wrqm/s  %rrqm  %wrqm r_await w_await aqu-sz rareq-sz wareq-sz  svctm  %util
mmcblk1          0.00    2.00      0.00      0.16     0.00     0.00   0.00   0.00    0.00 1427.00   2.85     0.00    82.00 500.00 100.00

06.09.2022 22:04:28
avg-cpu:  %user   %nice %system %iowait  %steal   %idle
           0.00    0.00    0.00   75.13    0.00   24.87

Device            r/s     w/s     rMB/s     wMB/s   rrqm/s   wrqm/s  %rrqm  %wrqm r_await w_await aqu-sz rareq-sz wareq-sz  svctm  %util
mmcblk1          0.00    8.00      0.00      2.91     0.00     0.00   0.00   0.00    0.00 2195.88  17.57     0.00   372.00 125.00 100.00

06.09.2022 22:04:29
avg-cpu:  %user   %nice %system %iowait  %steal   %idle
           0.00    0.00    0.00   75.00    0.00   25.00

Device            r/s     w/s     rMB/s     wMB/s   rrqm/s   wrqm/s  %rrqm  %wrqm r_await w_await aqu-sz rareq-sz wareq-sz  svctm  %util
mmcblk1          0.00    1.00      0.00      0.14     0.00     0.00   0.00   0.00    0.00 3080.00   3.08     0.00   148.00 1000.00 100.00

06.09.2022 22:04:30
avg-cpu:  %user   %nice %system %iowait  %steal   %idle
           4.29    0.00    0.76   30.05    0.00   64.90

Device            r/s     w/s     rMB/s     wMB/s   rrqm/s   wrqm/s  %rrqm  %wrqm r_await w_await aqu-sz rareq-sz wareq-sz  svctm  %util
mmcblk1          0.00    8.00      0.00      2.14     0.00   427.00   0.00  98.16    0.00  879.25   7.03     0.00   273.50 125.00 100.00

06.09.2022 22:04:31
avg-cpu:  %user   %nice %system %iowait  %steal   %idle
           3.76    0.00    0.50   35.59    0.00   60.15

Device            r/s     w/s     rMB/s     wMB/s   rrqm/s   wrqm/s  %rrqm  %wrqm r_await w_await aqu-sz rareq-sz wareq-sz  svctm  %util
mmcblk1          0.00    8.00      0.00      2.37     0.00   296.00   0.00  97.37    0.00  856.75   6.85     0.00   303.50 125.00 100.00

06.09.2022 22:04:32
avg-cpu:  %user   %nice %system %iowait  %steal   %idle
           0.00    0.00    0.00   75.00    0.00   25.00

Device            r/s     w/s     rMB/s     wMB/s   rrqm/s   wrqm/s  %rrqm  %wrqm r_await w_await aqu-sz rareq-sz wareq-sz  svctm  %util
mmcblk1          0.00    4.00      0.00      1.51     0.00     0.00   0.00   0.00    0.00  845.75   3.38     0.00   386.00 250.00 100.00

06.09.2022 22:04:33
avg-cpu:  %user   %nice %system %iowait  %steal   %idle
           0.00    0.00    0.00   75.00    0.00   25.00

Device            r/s     w/s     rMB/s     wMB/s   rrqm/s   wrqm/s  %rrqm  %wrqm r_await w_await aqu-sz rareq-sz wareq-sz  svctm  %util
mmcblk1          0.00    1.00      0.00      0.07     0.00     0.00   0.00   0.00    0.00 2100.00   2.10     0.00    68.00 1000.00 100.00

06.09.2022 22:04:34
avg-cpu:  %user   %nice %system %iowait  %steal   %idle
           0.00    0.00    0.00   74.94    0.00   25.06

Device            r/s     w/s     rMB/s     wMB/s   rrqm/s   wrqm/s  %rrqm  %wrqm r_await w_await aqu-sz rareq-sz wareq-sz  svctm  %util
mmcblk1          0.00    4.00      0.00      0.58     0.00     0.00   0.00   0.00    0.00 2790.75  11.16     0.00   148.00 250.00 100.00

06.09.2022 22:04:35
avg-cpu:  %user   %nice %system %iowait  %steal   %idle
           4.27    0.00    2.76   46.73    0.00   46.23

Device            r/s     w/s     rMB/s     wMB/s   rrqm/s   wrqm/s  %rrqm  %wrqm r_await w_await aqu-sz rareq-sz wareq-sz  svctm  %util
mmcblk1          0.00    5.00      0.00      0.95     0.00   259.00   0.00  98.11    0.00  796.60   3.98     0.00   194.40 200.00 100.00

06.09.2022 22:04:36
avg-cpu:  %user   %nice %system %iowait  %steal   %idle
           1.77    0.00    0.25   23.23    0.00   74.75

Device            r/s     w/s     rMB/s     wMB/s   rrqm/s   wrqm/s  %rrqm  %wrqm r_await w_await aqu-sz rareq-sz wareq-sz  svctm  %util
mmcblk1          0.00    6.00      0.00      1.78     0.00   290.00   0.00  97.97    0.00  757.33   4.54     0.00   304.00  88.33  53.00

06.09.2022 22:04:37
avg-cpu:  %user   %nice %system %iowait  %steal   %idle
           0.00    0.00    0.00   49.75    0.00   50.25

Device            r/s     w/s     rMB/s     wMB/s   rrqm/s   wrqm/s  %rrqm  %wrqm r_await w_await aqu-sz rareq-sz wareq-sz  svctm  %util
mmcblk1          0.00    2.00      0.00      0.30     0.00     0.00   0.00   0.00    0.00 1801.00   3.60     0.00   154.00 500.00 100.00

06.09.2022 22:04:38
avg-cpu:  %user   %nice %system %iowait  %steal   %idle
           0.00    0.00    0.00   49.87    0.00   50.13

Device            r/s     w/s     rMB/s     wMB/s   rrqm/s   wrqm/s  %rrqm  %wrqm r_await w_await aqu-sz rareq-sz wareq-sz  svctm  %util
mmcblk1          0.00    2.00      0.00      0.05     0.00     0.00   0.00   0.00    0.00 2610.50   5.22     0.00    24.00 500.00 100.00

06.09.2022 22:04:39
avg-cpu:  %user   %nice %system %iowait  %steal   %idle
           0.00    0.00    0.00   50.13    0.00   49.87

Device            r/s     w/s     rMB/s     wMB/s   rrqm/s   wrqm/s  %rrqm  %wrqm r_await w_await aqu-sz rareq-sz wareq-sz  svctm  %util
mmcblk1          0.00    3.00      0.00      1.05     0.00     0.00   0.00   0.00    0.00 3179.33   9.54     0.00   358.67 333.33 100.00

06.09.2022 22:04:40
avg-cpu:  %user   %nice %system %iowait  %steal   %idle
           0.00    0.00    0.00   49.87    0.00   50.13

Device            r/s     w/s     rMB/s     wMB/s   rrqm/s   wrqm/s  %rrqm  %wrqm r_await w_await aqu-sz rareq-sz wareq-sz  svctm  %util
mmcblk1          0.00    1.00      0.00      0.40     0.00     0.00   0.00   0.00    0.00 4086.00   4.08     0.00   412.00 1000.00 100.00

06.09.2022 22:04:41
avg-cpu:  %user   %nice %system %iowait  %steal   %idle
           0.00    0.00    0.25   49.75    0.00   50.00

Device            r/s     w/s     rMB/s     wMB/s   rrqm/s   wrqm/s  %rrqm  %wrqm r_await w_await aqu-sz rareq-sz wareq-sz  svctm  %util
mmcblk1          0.00    9.00      0.00      2.89     0.00     0.00   0.00   0.00    0.00 5347.22  48.12     0.00   328.44 111.11 100.00

06.09.2022 22:04:42
avg-cpu:  %user   %nice %system %iowait  %steal   %idle
           0.00    0.00    0.00   50.00    0.00   50.00

Device            r/s     w/s     rMB/s     wMB/s   rrqm/s   wrqm/s  %rrqm  %wrqm r_await w_await aqu-sz rareq-sz wareq-sz  svctm  %util
mmcblk1          0.00    1.00      0.00      0.48     0.00     0.00   0.00   0.00    0.00 6185.00   6.19     0.00   496.00 1000.00 100.00

06.09.2022 22:04:43
avg-cpu:  %user   %nice %system %iowait  %steal   %idle
           0.25    0.00    1.25   35.00    0.00   63.50

Device            r/s     w/s     rMB/s     wMB/s   rrqm/s   wrqm/s  %rrqm  %wrqm r_await w_await aqu-sz rareq-sz wareq-sz  svctm  %util
mmcblk1          0.00    3.00      0.00      0.80     0.00   266.00   0.00  98.88    0.00 2314.00   6.94     0.00   273.33 333.33 100.00

06.09.2022 22:04:44
avg-cpu:  %user   %nice %system %iowait  %steal   %idle
           0.00    0.00    0.00   50.00    0.00   50.00

Device            r/s     w/s     rMB/s     wMB/s   rrqm/s   wrqm/s  %rrqm  %wrqm r_await w_await aqu-sz rareq-sz wareq-sz  svctm  %util
mmcblk1          0.00    4.00      0.00      1.16     0.00     0.00   0.00   0.00    0.00 1304.50   5.22     0.00   296.00 250.00 100.00

06.09.2022 22:04:45
avg-cpu:  %user   %nice %system %iowait  %steal   %idle
           0.00    0.00    0.25   50.00    0.00   49.75

Device            r/s     w/s     rMB/s     wMB/s   rrqm/s   wrqm/s  %rrqm  %wrqm r_await w_await aqu-sz rareq-sz wareq-sz  svctm  %util
mmcblk1          0.00    4.00      0.00      0.46     0.00     0.00   0.00   0.00    0.00 2335.50   9.34     0.00   117.00 250.00 100.00

06.09.2022 22:04:46
avg-cpu:  %user   %nice %system %iowait  %steal   %idle
           8.93    0.00    3.97   28.78    0.00   58.31

Device            r/s     w/s     rMB/s     wMB/s   rrqm/s   wrqm/s  %rrqm  %wrqm r_await w_await aqu-sz rareq-sz wareq-sz  svctm  %util
mmcblk1          0.00    3.00      0.00      0.20     0.00   215.00   0.00  98.62    0.00 1996.00   5.99     0.00    68.00 256.67  77.00

06.09.2022 22:04:47
avg-cpu:  %user   %nice %system %iowait  %steal   %idle
           0.00    0.00    0.00   24.45    0.00   75.55

Device            r/s     w/s     rMB/s     wMB/s   rrqm/s   wrqm/s  %rrqm  %wrqm r_await w_await aqu-sz rareq-sz wareq-sz  svctm  %util
mmcblk1          1.00    3.00      0.02      0.80     1.00    63.00  50.00  95.45  416.00  894.67   3.10    16.00   272.00 250.00 100.00

06.09.2022 22:04:48
avg-cpu:  %user   %nice %system %iowait  %steal   %idle
           0.00    0.00    0.25   24.62    0.00   75.13

Device            r/s     w/s     rMB/s     wMB/s   rrqm/s   wrqm/s  %rrqm  %wrqm r_await w_await aqu-sz rareq-sz wareq-sz  svctm  %util
mmcblk1          0.00    4.00      0.00      1.38     0.00   167.00   0.00  97.66    0.00 2042.50   8.17     0.00   352.00 250.00 100.00

06.09.2022 22:04:49
avg-cpu:  %user   %nice %system %iowait  %steal   %idle
           0.00    0.00    2.27   41.06    0.00   56.68

Device            r/s     w/s     rMB/s     wMB/s   rrqm/s   wrqm/s  %rrqm  %wrqm r_await w_await aqu-sz rareq-sz wareq-sz  svctm  %util
mmcblk1          1.00   18.00      0.09      6.17     0.00   439.00   0.00  96.06 2127.00 1494.06  29.02    96.00   350.89  52.63 100.00
